<?xml version="1.0" encoding="UTF-8"?>
<coverage generated="1780229672491" clover="3.2.0">
  <project timestamp="1780229672491" name="All files">
    <metrics statements="223" coveredstatements="201" conditionals="149" coveredconditionals="108" methods="34" coveredmethods="33" elements="406" coveredelements="342" complexity="0" loc="223" ncloc="223" packages="8" files="19" classes="19"/>
    <package name="tasks">
      <metrics statements="12" coveredstatements="12" conditionals="0" coveredconditionals="0" methods="0" coveredmethods="0"/>
      <file name="tasks.module.ts" path="/Users/borjameana/apps/test-speckit-agentico/test-alex-original/node-starter-agentico/src/tasks/tasks.module.ts">
        <metrics statements="12" coveredstatements="12" conditionals="0" coveredconditionals="0" methods="0" coveredmethods="0"/>
        <line num="1" count="1" type="stmt"/>
        <line num="2" count="1" type="stmt"/>
        <line num="3" count="1" type="stmt"/>
        <line num="4" count="1" type="stmt"/>
        <line num="5" count="1" type="stmt"/>
        <line num="6" count="1" type="stmt"/>
        <line num="7" count="1" type="stmt"/>
        <line num="8" count="1" type="stmt"/>
        <line num="9" count="1" type="stmt"/>
        <line num="10" count="1" type="stmt"/>
        <line num="11" count="1" type="stmt"/>
        <line num="29" count="1" type="stmt"/>
      </file>
    </package>
    <package name="tasks.application">
      <metrics statements="58" coveredstatements="53" conditionals="27" coveredconditionals="15" methods="10" coveredmethods="10"/>
      <file name="create-task.ts" path="/Users/borjameana/apps/test-speckit-agentico/test-alex-original/node-starter-agentico/src/tasks/application/create-task.ts">
        <metrics statements="9" coveredstatements="9" conditionals="6" coveredconditionals="4" methods="2" coveredmethods="2"/>
        <line num="1" count="2" type="stmt"/>
        <line num="3" count="2" type="stmt"/>
        <line num="4" count="2" type="stmt"/>
        <line num="7" count="2" type="stmt"/>
        <line num="8" count="2" type="stmt"/>
        <line num="12" count="2" type="cond" truecount="2" falsecount="2"/>
        <line num="16" count="7" type="stmt"/>
        <line num="21" count="7" type="stmt"/>
        <line num="26" count="7" type="stmt"/>
      </file>
      <file name="delete-task.ts" path="/Users/borjameana/apps/test-speckit-agentico/test-alex-original/node-starter-agentico/src/tasks/application/delete-task.ts">
        <metrics statements="10" coveredstatements="10" conditionals="5" coveredconditionals="3" methods="2" coveredmethods="2"/>
        <line num="1" count="2" type="stmt"/>
        <line num="2" count="2" type="stmt"/>
        <line num="3" count="2" type="stmt"/>
        <line num="6" count="2" type="stmt"/>
        <line num="7" count="3" type="stmt"/>
        <line num="11" count="3" type="cond" truecount="2" falsecount="2"/>
        <line num="15" count="3" type="stmt"/>
        <line num="16" count="3" type="cond" truecount="1" falsecount="0"/>
        <line num="17" count="1" type="stmt"/>
        <line num="18" count="1" type="stmt"/>
      </file>
      <file name="get-task.ts" path="/Users/borjameana/apps/test-speckit-agentico/test-alex-original/node-starter-agentico/src/tasks/application/get-task.ts">
        <metrics statements="11" coveredstatements="10" conditionals="5" coveredconditionals="3" methods="2" coveredmethods="2"/>
        <line num="1" count="1" type="stmt"/>
        <line num="3" count="1" type="stmt"/>
        <line num="4" count="1" type="stmt"/>
        <line num="7" count="1" type="stmt"/>
        <line num="8" count="1" type="stmt"/>
        <line num="12" count="1" type="cond" truecount="2" falsecount="2"/>
        <line num="16" count="2" type="stmt"/>
        <line num="17" count="2" type="cond" truecount="1" falsecount="0"/>
        <line num="18" count="2" type="stmt"/>
        <line num="19" count="2" type="stmt"/>
        <line num="21" count="0" type="stmt"/>
      </file>
      <file name="list-tasks.ts" path="/Users/borjameana/apps/test-speckit-agentico/test-alex-original/node-starter-agentico/src/tasks/application/list-tasks.ts">
        <metrics statements="7" coveredstatements="7" conditionals="4" coveredconditionals="2" methods="2" coveredmethods="2"/>
        <line num="1" count="1" type="stmt"/>
        <line num="3" count="1" type="stmt"/>
        <line num="6" count="1" type="stmt"/>
        <line num="7" count="1" type="stmt"/>
        <line num="11" count="1" type="cond" truecount="2" falsecount="2"/>
        <line num="15" count="4" type="stmt"/>
        <line num="16" count="4" type="stmt"/>
      </file>
      <file name="tasks.repository.ts" path="/Users/borjameana/apps/test-speckit-agentico/test-alex-original/node-starter-agentico/src/tasks/application/tasks.repository.ts">
        <metrics statements="1" coveredstatements="1" conditionals="0" coveredconditionals="0" methods="0" coveredmethods="0"/>
        <line num="5" count="4" type="stmt"/>
      </file>
      <file name="update-task-status.ts" path="/Users/borjameana/apps/test-speckit-agentico/test-alex-original/node-starter-agentico/src/tasks/application/update-task-status.ts">
        <metrics statements="20" coveredstatements="16" conditionals="7" coveredconditionals="3" methods="2" coveredmethods="2"/>
        <line num="1" count="2" type="stmt"/>
        <line num="3" count="2" type="stmt"/>
        <line num="4" count="2" type="stmt"/>
        <line num="5" count="2" type="stmt"/>
        <line num="6" count="2" type="stmt"/>
        <line num="9" count="2" type="stmt"/>
        <line num="10" count="3" type="stmt"/>
        <line num="14" count="3" type="cond" truecount="2" falsecount="2"/>
        <line num="18" count="5" type="stmt"/>
        <line num="19" count="5" type="cond" truecount="0" falsecount="1"/>
        <line num="20" count="0" type="stmt"/>
        <line num="21" count="0" type="stmt"/>
        <line num="24" count="5" type="cond" truecount="1" falsecount="0"/>
        <line num="25" count="2" type="stmt"/>
        <line num="30" count="2" type="stmt"/>
        <line num="33" count="3" type="stmt"/>
        <line num="34" count="3" type="cond" truecount="0" falsecount="1"/>
        <line num="35" count="0" type="stmt"/>
        <line num="36" count="0" type="stmt"/>
        <line num="39" count="3" type="stmt"/>
      </file>
    </package>
    <package name="tasks.domain.entities">
      <metrics statements="9" coveredstatements="9" conditionals="0" coveredconditionals="0" methods="1" coveredmethods="1"/>
      <file name="task.entity.ts" path="/Users/borjameana/apps/test-speckit-agentico/test-alex-original/node-starter-agentico/src/tasks/domain/entities/task.entity.ts">
        <metrics statements="9" coveredstatements="9" conditionals="0" coveredconditionals="0" methods="1" coveredmethods="1"/>
        <line num="15" count="3" type="stmt"/>
        <line num="26" count="20" type="stmt"/>
        <line num="27" count="20" type="stmt"/>
        <line num="28" count="20" type="stmt"/>
        <line num="29" count="20" type="stmt"/>
        <line num="30" count="20" type="stmt"/>
        <line num="31" count="20" type="stmt"/>
        <line num="32" count="20" type="stmt"/>
        <line num="33" count="20" type="stmt"/>
      </file>
    </package>
    <package name="tasks.domain.errors">
      <metrics statements="6" coveredstatements="6" conditionals="0" coveredconditionals="0" methods="2" coveredmethods="2"/>
      <file name="invalid-task-status-transition.error.ts" path="/Users/borjameana/apps/test-speckit-agentico/test-alex-original/node-starter-agentico/src/tasks/domain/errors/invalid-task-status-transition.error.ts">
        <metrics statements="3" coveredstatements="3" conditionals="0" coveredconditionals="0" methods="1" coveredmethods="1"/>
        <line num="3" count="2" type="stmt"/>
        <line num="4" count="2" type="stmt"/>
        <line num="7" count="2" type="stmt"/>
      </file>
      <file name="task-not-found.error.ts" path="/Users/borjameana/apps/test-speckit-agentico/test-alex-original/node-starter-agentico/src/tasks/domain/errors/task-not-found.error.ts">
        <metrics statements="3" coveredstatements="3" conditionals="0" coveredconditionals="0" methods="1" coveredmethods="1"/>
        <line num="1" count="3" type="stmt"/>
        <line num="2" count="3" type="stmt"/>
        <line num="5" count="3" type="stmt"/>
      </file>
    </package>
    <package name="tasks.domain.value-objects">
      <metrics statements="11" coveredstatements="11" conditionals="4" coveredconditionals="4" methods="3" coveredmethods="3"/>
      <file name="task-priority.ts" path="/Users/borjameana/apps/test-speckit-agentico/test-alex-original/node-starter-agentico/src/tasks/domain/value-objects/task-priority.ts">
        <metrics statements="4" coveredstatements="4" conditionals="2" coveredconditionals="2" methods="1" coveredmethods="1"/>
        <line num="1" count="3" type="cond" truecount="2" falsecount="0"/>
        <line num="2" count="3" type="stmt"/>
        <line num="3" count="3" type="stmt"/>
        <line num="4" count="3" type="stmt"/>
      </file>
      <file name="task-status.ts" path="/Users/borjameana/apps/test-speckit-agentico/test-alex-original/node-starter-agentico/src/tasks/domain/value-objects/task-status.ts">
        <metrics statements="7" coveredstatements="7" conditionals="2" coveredconditionals="2" methods="2" coveredmethods="2"/>
        <line num="1" count="3" type="cond" truecount="2" falsecount="0"/>
        <line num="2" count="3" type="stmt"/>
        <line num="3" count="3" type="stmt"/>
        <line num="4" count="3" type="stmt"/>
        <line num="7" count="3" type="stmt"/>
        <line num="13" count="3" type="stmt"/>
        <line num="14" count="5" type="stmt"/>
      </file>
    </package>
    <package name="tasks.infrastructure.controllers">
      <metrics statements="46" coveredstatements="41" conditionals="54" coveredconditionals="41" methods="8" coveredmethods="8"/>
      <file name="tasks.controller.ts" path="/Users/borjameana/apps/test-speckit-agentico/test-alex-original/node-starter-agentico/src/tasks/infrastructure/controllers/tasks.controller.ts">
        <metrics statements="46" coveredstatements="41" conditionals="54" coveredconditionals="41" methods="8" coveredmethods="8"/>
        <line num="1" count="1" type="stmt"/>
        <line num="16" count="1" type="stmt"/>
        <line num="25" count="1" type="stmt"/>
        <line num="26" count="1" type="stmt"/>
        <line num="27" count="1" type="stmt"/>
        <line num="28" count="1" type="stmt"/>
        <line num="29" count="1" type="stmt"/>
        <line num="30" count="1" type="stmt"/>
        <line num="31" count="1" type="stmt"/>
        <line num="32" count="1" type="stmt"/>
        <line num="33" count="1" type="stmt"/>
        <line num="34" count="1" type="stmt"/>
        <line num="35" count="1" type="stmt"/>
        <line num="39" count="1" type="stmt"/>
        <line num="41" count="1" type="cond" truecount="6" falsecount="2"/>
        <line num="42" count="1" type="cond" truecount="3" falsecount="1"/>
        <line num="43" count="1" type="cond" truecount="3" falsecount="1"/>
        <line num="44" count="1" type="cond" truecount="3" falsecount="1"/>
        <line num="45" count="1" type="stmt"/>
        <line num="52" count="1" type="cond" truecount="6" falsecount="2"/>
        <line num="53" count="6" type="stmt"/>
        <line num="54" count="6" type="stmt"/>
        <line num="60" count="1" type="cond" truecount="6" falsecount="2"/>
        <line num="61" count="4" type="stmt"/>
        <line num="62" count="5" type="stmt"/>
        <line num="68" count="1" type="cond" truecount="3" falsecount="1"/>
        <line num="69" count="2" type="stmt"/>
        <line num="70" count="2" type="stmt"/>
        <line num="71" count="0" type="stmt"/>
        <line num="73" count="2" type="stmt"/>
        <line num="74" count="0" type="stmt"/>
        <line num="83" count="1" type="stmt"/>
        <line num="87" count="3" type="stmt"/>
        <line num="88" count="3" type="stmt"/>
        <line num="89" count="2" type="stmt"/>
        <line num="91" count="1" type="stmt"/>
        <line num="92" count="0" type="stmt"/>
        <line num="100" count="1" type="cond" truecount="3" falsecount="1"/>
        <line num="101" count="1" type="stmt"/>
        <line num="102" count="1" type="stmt"/>
        <line num="104" count="0" type="stmt"/>
        <line num="105" count="0" type="stmt"/>
        <line num="110" count="3" type="cond" truecount="1" falsecount="0"/>
        <line num="111" count="2" type="stmt"/>
        <line num="113" count="1" type="cond" truecount="1" falsecount="0"/>
        <line num="114" count="1" type="stmt"/>
      </file>
    </package>
    <package name="tasks.infrastructure.dtos">
      <metrics statements="31" coveredstatements="31" conditionals="32" coveredconditionals="24" methods="1" coveredmethods="1"/>
      <file name="create-task.dto.ts" path="/Users/borjameana/apps/test-speckit-agentico/test-alex-original/node-starter-agentico/src/tasks/infrastructure/dtos/create-task.dto.ts">
        <metrics statements="7" coveredstatements="7" conditionals="4" coveredconditionals="3" methods="0" coveredmethods="0"/>
        <line num="1" count="1" type="stmt"/>
        <line num="2" count="1" type="stmt"/>
        <line num="3" count="1" type="stmt"/>
        <line num="5" count="1" type="stmt"/>
        <line num="16" count="1" type="stmt"/>
        <line num="26" count="1" type="stmt"/>
        <line num="35" count="1" type="cond" truecount="3" falsecount="1"/>
      </file>
      <file name="list-tasks-query.dto.ts" path="/Users/borjameana/apps/test-speckit-agentico/test-alex-original/node-starter-agentico/src/tasks/infrastructure/dtos/list-tasks-query.dto.ts">
        <metrics statements="7" coveredstatements="7" conditionals="8" coveredconditionals="6" methods="0" coveredmethods="0"/>
        <line num="1" count="1" type="stmt"/>
        <line num="2" count="1" type="stmt"/>
        <line num="3" count="1" type="stmt"/>
        <line num="4" count="1" type="stmt"/>
        <line num="6" count="1" type="stmt"/>
        <line num="13" count="1" type="cond" truecount="3" falsecount="1"/>
        <line num="21" count="1" type="cond" truecount="3" falsecount="1"/>
      </file>
      <file name="task-response.dto.ts" path="/Users/borjameana/apps/test-speckit-agentico/test-alex-original/node-starter-agentico/src/tasks/infrastructure/dtos/task-response.dto.ts">
        <metrics statements="12" coveredstatements="12" conditionals="16" coveredconditionals="12" methods="1" coveredmethods="1"/>
        <line num="1" count="1" type="stmt"/>
        <line num="3" count="1" type="stmt"/>
        <line num="4" count="1" type="stmt"/>
        <line num="6" count="1" type="stmt"/>
        <line num="11" count="1" type="stmt"/>
        <line num="16" count="1" type="stmt"/>
        <line num="22" count="1" type="stmt"/>
        <line num="28" count="1" type="cond" truecount="3" falsecount="1"/>
        <line num="34" count="1" type="cond" truecount="3" falsecount="1"/>
        <line num="41" count="1" type="cond" truecount="3" falsecount="1"/>
        <line num="48" count="1" type="cond" truecount="3" falsecount="1"/>
        <line num="51" count="13" type="stmt"/>
      </file>
      <file name="update-task-status.dto.ts" path="/Users/borjameana/apps/test-speckit-agentico/test-alex-original/node-starter-agentico/src/tasks/infrastructure/dtos/update-task-status.dto.ts">
        <metrics statements="5" coveredstatements="5" conditionals="4" coveredconditionals="3" methods="0" coveredmethods="0"/>
        <line num="1" count="1" type="stmt"/>
        <line num="2" count="1" type="stmt"/>
        <line num="3" count="1" type="stmt"/>
        <line num="5" count="1" type="stmt"/>
        <line num="11" count="1" type="cond" truecount="3" falsecount="1"/>
      </file>
    </package>
    <package name="tasks.infrastructure.repositories">
      <metrics statements="50" coveredstatements="38" conditionals="32" coveredconditionals="24" methods="9" coveredmethods="8"/>
      <file name="task.orm-entity.ts" path="/Users/borjameana/apps/test-speckit-agentico/test-alex-original/node-starter-agentico/src/tasks/infrastructure/repositories/task.orm-entity.ts">
        <metrics statements="24" coveredstatements="14" conditionals="16" coveredconditionals="12" methods="2" coveredmethods="1"/>
        <line num="1" count="1" type="stmt"/>
        <line num="10" count="1" type="stmt"/>
        <line num="11" count="1" type="stmt"/>
        <line num="12" count="1" type="stmt"/>
        <line num="17" count="1" type="stmt"/>
        <line num="19" count="1" type="stmt"/>
        <line num="22" count="1" type="stmt"/>
        <line num="25" count="1" type="stmt"/>
        <line num="32" count="1" type="cond" truecount="3" falsecount="1"/>
        <line num="39" count="1" type="cond" truecount="3" falsecount="1"/>
        <line num="42" count="1" type="cond" truecount="3" falsecount="1"/>
        <line num="45" count="1" type="cond" truecount="3" falsecount="1"/>
        <line num="48" count="1" type="stmt"/>
        <line num="51" count="16" type="stmt"/>
        <line num="64" count="0" type="stmt"/>
        <line num="65" count="0" type="stmt"/>
        <line num="66" count="0" type="stmt"/>
        <line num="67" count="0" type="stmt"/>
        <line num="68" count="0" type="stmt"/>
        <line num="69" count="0" type="stmt"/>
        <line num="70" count="0" type="stmt"/>
        <line num="71" count="0" type="stmt"/>
        <line num="72" count="0" type="stmt"/>
        <line num="73" count="0" type="stmt"/>
      </file>
      <file name="typeorm-tasks.repository.ts" path="/Users/borjameana/apps/test-speckit-agentico/test-alex-original/node-starter-agentico/src/tasks/infrastructure/repositories/typeorm-tasks.repository.ts">
        <metrics statements="26" coveredstatements="24" conditionals="16" coveredconditionals="12" methods="7" coveredmethods="7"/>
        <line num="1" count="1" type="stmt"/>
        <line num="2" count="1" type="stmt"/>
        <line num="3" count="1" type="stmt"/>
        <line num="10" count="1" type="stmt"/>
        <line num="11" count="1" type="stmt"/>
        <line num="12" count="1" type="stmt"/>
        <line num="15" count="1" type="stmt"/>
        <line num="18" count="1" type="cond" truecount="3" falsecount="1"/>
        <line num="22" count="6" type="stmt"/>
        <line num="29" count="6" type="stmt"/>
        <line num="30" count="6" type="stmt"/>
        <line num="34" count="4" type="stmt"/>
        <line num="43" count="5" type="stmt"/>
        <line num="47" count="5" type="stmt"/>
        <line num="54" count="5" type="cond" truecount="2" falsecount="0"/>
        <line num="58" count="2" type="stmt"/>
        <line num="65" count="2" type="cond" truecount="0" falsecount="1"/>
        <line num="66" count="0" type="stmt"/>
        <line num="69" count="2" type="stmt"/>
        <line num="70" count="2" type="stmt"/>
        <line num="71" count="2" type="stmt"/>
        <line num="75" count="1" type="stmt"/>
        <line num="82" count="1" type="cond" truecount="0" falsecount="1"/>
        <line num="83" count="0" type="stmt"/>
        <line num="86" count="1" type="stmt"/>
        <line num="87" count="1" type="stmt"/>
      </file>
    </package>
  </project>
</coverage>
