{"/Users/borjameana/apps/test-speckit-agentico/test-alex-original/node-starter-agentico/src/tasks/tasks.module.ts": {"path":"/Users/borjameana/apps/test-speckit-agentico/test-alex-original/node-starter-agentico/src/tasks/tasks.module.ts","statementMap":{"0":{"start":{"line":1,"column":0},"end":{"line":1,"column":40}},"1":{"start":{"line":2,"column":0},"end":{"line":2,"column":48}},"2":{"start":{"line":3,"column":0},"end":{"line":3,"column":55}},"3":{"start":{"line":4,"column":0},"end":{"line":4,"column":55}},"4":{"start":{"line":5,"column":0},"end":{"line":5,"column":49}},"5":{"start":{"line":6,"column":0},"end":{"line":6,"column":53}},"6":{"start":{"line":7,"column":0},"end":{"line":7,"column":66}},"7":{"start":{"line":8,"column":0},"end":{"line":8,"column":68}},"8":{"start":{"line":9,"column":0},"end":{"line":9,"column":80}},"9":{"start":{"line":10,"column":0},"end":{"line":10,"column":78}},"10":{"start":{"line":11,"column":0},"end":{"line":11,"column":96}},"11":{"start":{"line":29,"column":7},"end":{"line":29,"column":null}},"12":{"start":{"line":29,"column":13},"end":{"line":29,"column":24}},"13":{"start":{"line":29,"column":13},"end":{"line":29,"column":null}}},"fnMap":{},"branchMap":{},"s":{"0":1,"1":1,"2":1,"3":1,"4":1,"5":1,"6":1,"7":1,"8":1,"9":1,"10":1,"11":1,"12":1,"13":1},"f":{},"b":{}}
,"/Users/borjameana/apps/test-speckit-agentico/test-alex-original/node-starter-agentico/src/tasks/application/create-task.ts": {"path":"/Users/borjameana/apps/test-speckit-agentico/test-alex-original/node-starter-agentico/src/tasks/application/create-task.ts","statementMap":{"0":{"start":{"line":1,"column":0},"end":{"line":1,"column":60}},"1":{"start":{"line":3,"column":0},"end":{"line":3,"column":69}},"2":{"start":{"line":4,"column":0},"end":{"line":4,"column":88}},"3":{"start":{"line":7,"column":23},"end":{"line":28,"column":null}},"4":{"start":{"line":12,"column":25},"end":{"line":12,"column":42}},"5":{"start":{"line":8,"column":21},"end":{"line":8,"column":58}},"6":{"start":{"line":16,"column":41},"end":{"line":19,"column":10}},"7":{"start":{"line":21,"column":8},"end":{"line":24,"column":11}},"8":{"start":{"line":26,"column":8},"end":{"line":26,"column":52}},"9":{"start":{"line":7,"column":13},"end":{"line":7,"column":23}},"10":{"start":{"line":7,"column":13},"end":{"line":28,"column":null}}},"fnMap":{"0":{"name":"(anonymous_4)","decl":{"start":{"line":10,"column":4},"end":{"line":10,"column":null}},"loc":{"start":{"line":12,"column":57},"end":{"line":13,"column":9}}},"1":{"name":"(anonymous_5)","decl":{"start":{"line":15,"column":4},"end":{"line":15,"column":9}},"loc":{"start":{"line":15,"column":37},"end":{"line":27,"column":5}}}},"branchMap":{"0":{"loc":{"start":{"line":18,"column":22},"end":{"line":18,"column":59}},"type":"binary-expr","locations":[{"start":{"line":18,"column":22},"end":{"line":18,"column":36}},{"start":{"line":18,"column":40},"end":{"line":18,"column":59}}]},"1":{"loc":{"start":{"line":12,"column":42},"end":{"line":12,"column":null}},"type":"cond-expr","locations":[{"start":{"line":12,"column":57},"end":{"line":12,"column":null}},{"start":{"line":12,"column":57},"end":{"line":12,"column":null}}]},"2":{"loc":{"start":{"line":12,"column":42},"end":{"line":12,"column":57}},"type":"binary-expr","locations":[{"start":{"line":12,"column":42},"end":{"line":12,"column":null}},{"start":{"line":12,"column":42},"end":{"line":12,"column":57}}]}},"s":{"0":2,"1":2,"2":2,"3":2,"4":2,"5":2,"6":7,"7":7,"8":7,"9":2,"10":2},"f":{"0":2,"1":7},"b":{"0":[7,4],"1":[0,2],"2":[2,0]}}
,"/Users/borjameana/apps/test-speckit-agentico/test-alex-original/node-starter-agentico/src/tasks/application/delete-task.ts": {"path":"/Users/borjameana/apps/test-speckit-agentico/test-alex-original/node-starter-agentico/src/tasks/application/delete-task.ts","statementMap":{"0":{"start":{"line":1,"column":0},"end":{"line":1,"column":60}},"1":{"start":{"line":2,"column":0},"end":{"line":2,"column":74}},"2":{"start":{"line":3,"column":0},"end":{"line":3,"column":71}},"3":{"start":{"line":6,"column":23},"end":{"line":21,"column":null}},"4":{"start":{"line":11,"column":25},"end":{"line":11,"column":42}},"5":{"start":{"line":7,"column":21},"end":{"line":7,"column":58}},"6":{"start":{"line":15,"column":24},"end":{"line":15,"column":65}},"7":{"start":{"line":16,"column":8},"end":{"line":19,"column":9}},"8":{"start":{"line":17,"column":12},"end":{"line":17,"column":70}},"9":{"start":{"line":18,"column":12},"end":{"line":18,"column":44}},"10":{"start":{"line":6,"column":13},"end":{"line":6,"column":23}},"11":{"start":{"line":6,"column":13},"end":{"line":21,"column":null}}},"fnMap":{"0":{"name":"(anonymous_4)","decl":{"start":{"line":9,"column":4},"end":{"line":9,"column":null}},"loc":{"start":{"line":11,"column":57},"end":{"line":12,"column":9}}},"1":{"name":"(anonymous_5)","decl":{"start":{"line":14,"column":4},"end":{"line":14,"column":9}},"loc":{"start":{"line":14,"column":25},"end":{"line":20,"column":5}}}},"branchMap":{"0":{"loc":{"start":{"line":16,"column":8},"end":{"line":19,"column":9}},"type":"if","locations":[{"start":{"line":16,"column":8},"end":{"line":19,"column":9}}]},"1":{"loc":{"start":{"line":11,"column":42},"end":{"line":11,"column":null}},"type":"cond-expr","locations":[{"start":{"line":11,"column":57},"end":{"line":11,"column":null}},{"start":{"line":11,"column":57},"end":{"line":11,"column":null}}]},"2":{"loc":{"start":{"line":11,"column":42},"end":{"line":11,"column":57}},"type":"binary-expr","locations":[{"start":{"line":11,"column":42},"end":{"line":11,"column":null}},{"start":{"line":11,"column":42},"end":{"line":11,"column":57}}]}},"s":{"0":2,"1":2,"2":2,"3":2,"4":3,"5":3,"6":3,"7":3,"8":1,"9":1,"10":2,"11":2},"f":{"0":3,"1":3},"b":{"0":[1],"1":[0,2],"2":[2,0]}}
,"/Users/borjameana/apps/test-speckit-agentico/test-alex-original/node-starter-agentico/src/tasks/application/get-task.ts": {"path":"/Users/borjameana/apps/test-speckit-agentico/test-alex-original/node-starter-agentico/src/tasks/application/get-task.ts","statementMap":{"0":{"start":{"line":1,"column":0},"end":{"line":1,"column":60}},"1":{"start":{"line":3,"column":0},"end":{"line":3,"column":74}},"2":{"start":{"line":4,"column":0},"end":{"line":4,"column":71}},"3":{"start":{"line":7,"column":20},"end":{"line":23,"column":null}},"4":{"start":{"line":12,"column":25},"end":{"line":12,"column":42}},"5":{"start":{"line":8,"column":21},"end":{"line":8,"column":55}},"6":{"start":{"line":16,"column":21},"end":{"line":16,"column":60}},"7":{"start":{"line":17,"column":8},"end":{"line":20,"column":9}},"8":{"start":{"line":18,"column":12},"end":{"line":18,"column":55}},"9":{"start":{"line":19,"column":12},"end":{"line":19,"column":44}},"10":{"start":{"line":21,"column":8},"end":{"line":21,"column":20}},"11":{"start":{"line":7,"column":13},"end":{"line":7,"column":20}},"12":{"start":{"line":7,"column":13},"end":{"line":23,"column":null}}},"fnMap":{"0":{"name":"(anonymous_4)","decl":{"start":{"line":10,"column":4},"end":{"line":10,"column":null}},"loc":{"start":{"line":12,"column":57},"end":{"line":13,"column":9}}},"1":{"name":"(anonymous_5)","decl":{"start":{"line":15,"column":4},"end":{"line":15,"column":9}},"loc":{"start":{"line":15,"column":25},"end":{"line":22,"column":5}}}},"branchMap":{"0":{"loc":{"start":{"line":17,"column":8},"end":{"line":20,"column":9}},"type":"if","locations":[{"start":{"line":17,"column":8},"end":{"line":20,"column":9}}]},"1":{"loc":{"start":{"line":12,"column":42},"end":{"line":12,"column":null}},"type":"cond-expr","locations":[{"start":{"line":12,"column":57},"end":{"line":12,"column":null}},{"start":{"line":12,"column":57},"end":{"line":12,"column":null}}]},"2":{"loc":{"start":{"line":12,"column":42},"end":{"line":12,"column":57}},"type":"binary-expr","locations":[{"start":{"line":12,"column":42},"end":{"line":12,"column":null}},{"start":{"line":12,"column":42},"end":{"line":12,"column":57}}]}},"s":{"0":1,"1":1,"2":1,"3":1,"4":1,"5":1,"6":2,"7":2,"8":2,"9":2,"10":0,"11":1,"12":1},"f":{"0":1,"1":2},"b":{"0":[2],"1":[0,1],"2":[1,0]}}
,"/Users/borjameana/apps/test-speckit-agentico/test-alex-original/node-starter-agentico/src/tasks/application/list-tasks.ts": {"path":"/Users/borjameana/apps/test-speckit-agentico/test-alex-original/node-starter-agentico/src/tasks/application/list-tasks.ts","statementMap":{"0":{"start":{"line":1,"column":0},"end":{"line":1,"column":60}},"1":{"start":{"line":3,"column":0},"end":{"line":3,"column":89}},"2":{"start":{"line":6,"column":22},"end":{"line":18,"column":null}},"3":{"start":{"line":11,"column":25},"end":{"line":11,"column":42}},"4":{"start":{"line":7,"column":21},"end":{"line":7,"column":57}},"5":{"start":{"line":15,"column":8},"end":{"line":15,"column":50}},"6":{"start":{"line":16,"column":8},"end":{"line":16,"column":53}},"7":{"start":{"line":6,"column":13},"end":{"line":6,"column":22}},"8":{"start":{"line":6,"column":13},"end":{"line":18,"column":null}}},"fnMap":{"0":{"name":"(anonymous_4)","decl":{"start":{"line":9,"column":4},"end":{"line":9,"column":null}},"loc":{"start":{"line":11,"column":57},"end":{"line":12,"column":9}}},"1":{"name":"(anonymous_5)","decl":{"start":{"line":14,"column":4},"end":{"line":14,"column":9}},"loc":{"start":{"line":14,"column":40},"end":{"line":17,"column":5}}}},"branchMap":{"0":{"loc":{"start":{"line":11,"column":42},"end":{"line":11,"column":null}},"type":"cond-expr","locations":[{"start":{"line":11,"column":57},"end":{"line":11,"column":null}},{"start":{"line":11,"column":57},"end":{"line":11,"column":null}}]},"1":{"loc":{"start":{"line":11,"column":42},"end":{"line":11,"column":57}},"type":"binary-expr","locations":[{"start":{"line":11,"column":42},"end":{"line":11,"column":null}},{"start":{"line":11,"column":42},"end":{"line":11,"column":57}}]}},"s":{"0":1,"1":1,"2":1,"3":1,"4":1,"5":4,"6":4,"7":1,"8":1},"f":{"0":1,"1":4},"b":{"0":[0,1],"1":[1,0]}}
,"/Users/borjameana/apps/test-speckit-agentico/test-alex-original/node-starter-agentico/src/tasks/application/tasks.repository.ts": {"path":"/Users/borjameana/apps/test-speckit-agentico/test-alex-original/node-starter-agentico/src/tasks/application/tasks.repository.ts","statementMap":{"0":{"start":{"line":5,"column":13},"end":{"line":5,"column":51}}},"fnMap":{},"branchMap":{},"s":{"0":4},"f":{},"b":{}}
,"/Users/borjameana/apps/test-speckit-agentico/test-alex-original/node-starter-agentico/src/tasks/application/update-task-status.ts": {"path":"/Users/borjameana/apps/test-speckit-agentico/test-alex-original/node-starter-agentico/src/tasks/application/update-task-status.ts","statementMap":{"0":{"start":{"line":1,"column":0},"end":{"line":1,"column":60}},"1":{"start":{"line":3,"column":0},"end":{"line":3,"column":105}},"2":{"start":{"line":4,"column":0},"end":{"line":4,"column":74}},"3":{"start":{"line":5,"column":0},"end":{"line":5,"column":94}},"4":{"start":{"line":6,"column":0},"end":{"line":6,"column":71}},"5":{"start":{"line":9,"column":29},"end":{"line":41,"column":null}},"6":{"start":{"line":14,"column":25},"end":{"line":14,"column":42}},"7":{"start":{"line":10,"column":21},"end":{"line":10,"column":64}},"8":{"start":{"line":18,"column":24},"end":{"line":18,"column":63}},"9":{"start":{"line":19,"column":8},"end":{"line":22,"column":9}},"10":{"start":{"line":20,"column":12},"end":{"line":20,"column":55}},"11":{"start":{"line":21,"column":12},"end":{"line":21,"column":44}},"12":{"start":{"line":24,"column":8},"end":{"line":31,"column":9}},"13":{"start":{"line":25,"column":12},"end":{"line":29,"column":15}},"14":{"start":{"line":30,"column":12},"end":{"line":30,"column":79}},"15":{"start":{"line":33,"column":24},"end":{"line":33,"column":75}},"16":{"start":{"line":34,"column":8},"end":{"line":37,"column":9}},"17":{"start":{"line":35,"column":12},"end":{"line":35,"column":77}},"18":{"start":{"line":36,"column":12},"end":{"line":36,"column":44}},"19":{"start":{"line":39,"column":8},"end":{"line":39,"column":23}},"20":{"start":{"line":9,"column":13},"end":{"line":9,"column":29}},"21":{"start":{"line":9,"column":13},"end":{"line":41,"column":null}}},"fnMap":{"0":{"name":"(anonymous_4)","decl":{"start":{"line":12,"column":4},"end":{"line":12,"column":null}},"loc":{"start":{"line":14,"column":57},"end":{"line":15,"column":9}}},"1":{"name":"(anonymous_5)","decl":{"start":{"line":17,"column":4},"end":{"line":17,"column":9}},"loc":{"start":{"line":17,"column":45},"end":{"line":40,"column":5}}}},"branchMap":{"0":{"loc":{"start":{"line":19,"column":8},"end":{"line":22,"column":9}},"type":"if","locations":[{"start":{"line":19,"column":8},"end":{"line":22,"column":9}}]},"1":{"loc":{"start":{"line":24,"column":8},"end":{"line":31,"column":9}},"type":"if","locations":[{"start":{"line":24,"column":8},"end":{"line":31,"column":9}}]},"2":{"loc":{"start":{"line":34,"column":8},"end":{"line":37,"column":9}},"type":"if","locations":[{"start":{"line":34,"column":8},"end":{"line":37,"column":9}}]},"3":{"loc":{"start":{"line":14,"column":42},"end":{"line":14,"column":null}},"type":"cond-expr","locations":[{"start":{"line":14,"column":57},"end":{"line":14,"column":null}},{"start":{"line":14,"column":57},"end":{"line":14,"column":null}}]},"4":{"loc":{"start":{"line":14,"column":42},"end":{"line":14,"column":57}},"type":"binary-expr","locations":[{"start":{"line":14,"column":42},"end":{"line":14,"column":null}},{"start":{"line":14,"column":42},"end":{"line":14,"column":57}}]}},"s":{"0":2,"1":2,"2":2,"3":2,"4":2,"5":2,"6":3,"7":3,"8":5,"9":5,"10":0,"11":0,"12":5,"13":2,"14":2,"15":3,"16":3,"17":0,"18":0,"19":3,"20":2,"21":2},"f":{"0":3,"1":5},"b":{"0":[0],"1":[2],"2":[0],"3":[0,2],"4":[2,0]}}
,"/Users/borjameana/apps/test-speckit-agentico/test-alex-original/node-starter-agentico/src/tasks/domain/entities/task.entity.ts": {"path":"/Users/borjameana/apps/test-speckit-agentico/test-alex-original/node-starter-agentico/src/tasks/domain/entities/task.entity.ts","statementMap":{"0":{"start":{"line":26,"column":8},"end":{"line":26,"column":27}},"1":{"start":{"line":27,"column":8},"end":{"line":27,"column":33}},"2":{"start":{"line":28,"column":8},"end":{"line":28,"column":45}},"3":{"start":{"line":29,"column":8},"end":{"line":29,"column":39}},"4":{"start":{"line":30,"column":8},"end":{"line":30,"column":35}},"5":{"start":{"line":31,"column":8},"end":{"line":31,"column":41}},"6":{"start":{"line":32,"column":8},"end":{"line":32,"column":41}},"7":{"start":{"line":33,"column":8},"end":{"line":33,"column":41}},"8":{"start":{"line":15,"column":0},"end":{"line":15,"column":13}}},"fnMap":{"0":{"name":"(anonymous_0)","decl":{"start":{"line":25,"column":4},"end":{"line":25,"column":16}},"loc":{"start":{"line":25,"column":38},"end":{"line":34,"column":5}}}},"branchMap":{},"s":{"0":20,"1":20,"2":20,"3":20,"4":20,"5":20,"6":20,"7":20,"8":3},"f":{"0":20},"b":{}}
,"/Users/borjameana/apps/test-speckit-agentico/test-alex-original/node-starter-agentico/src/tasks/domain/errors/invalid-task-status-transition.error.ts": {"path":"/Users/borjameana/apps/test-speckit-agentico/test-alex-original/node-starter-agentico/src/tasks/domain/errors/invalid-task-status-transition.error.ts","statementMap":{"0":{"start":{"line":7,"column":8},"end":{"line":7,"column":66}},"1":{"start":{"line":4,"column":13},"end":{"line":4,"column":53}},"2":{"start":{"line":3,"column":0},"end":{"line":3,"column":13}}},"fnMap":{"0":{"name":"(anonymous_0)","decl":{"start":{"line":6,"column":4},"end":{"line":6,"column":16}},"loc":{"start":{"line":6,"column":48},"end":{"line":8,"column":5}}}},"branchMap":{},"s":{"0":2,"1":2,"2":2},"f":{"0":2},"b":{}}
,"/Users/borjameana/apps/test-speckit-agentico/test-alex-original/node-starter-agentico/src/tasks/domain/errors/task-not-found.error.ts": {"path":"/Users/borjameana/apps/test-speckit-agentico/test-alex-original/node-starter-agentico/src/tasks/domain/errors/task-not-found.error.ts","statementMap":{"0":{"start":{"line":5,"column":8},"end":{"line":5,"column":43}},"1":{"start":{"line":2,"column":13},"end":{"line":2,"column":37}},"2":{"start":{"line":1,"column":0},"end":{"line":1,"column":13}}},"fnMap":{"0":{"name":"(anonymous_0)","decl":{"start":{"line":4,"column":4},"end":{"line":4,"column":16}},"loc":{"start":{"line":4,"column":30},"end":{"line":6,"column":5}}}},"branchMap":{},"s":{"0":3,"1":3,"2":3},"f":{"0":3},"b":{}}
,"/Users/borjameana/apps/test-speckit-agentico/test-alex-original/node-starter-agentico/src/tasks/domain/value-objects/task-priority.ts": {"path":"/Users/borjameana/apps/test-speckit-agentico/test-alex-original/node-starter-agentico/src/tasks/domain/value-objects/task-priority.ts","statementMap":{"0":{"start":{"line":1,"column":0},"end":{"line":1,"column":null}},"1":{"start":{"line":2,"column":4},"end":{"line":2,"column":null}},"2":{"start":{"line":3,"column":4},"end":{"line":3,"column":null}},"3":{"start":{"line":4,"column":4},"end":{"line":4,"column":null}}},"fnMap":{"0":{"name":"(anonymous_0)","decl":{"start":{"line":1,"column":0},"end":{"line":1,"column":12}},"loc":{"start":{"line":1,"column":24},"end":{"line":5,"column":1}}}},"branchMap":{"0":{"loc":{"start":{"line":1,"column":12},"end":{"line":1,"column":null}},"type":"binary-expr","locations":[{"start":{"line":1,"column":12},"end":{"line":1,"column":24}},{"start":{"line":1,"column":24},"end":{"line":1,"column":null}}]}},"s":{"0":3,"1":3,"2":3,"3":3},"f":{"0":3},"b":{"0":[3,3]}}
,"/Users/borjameana/apps/test-speckit-agentico/test-alex-original/node-starter-agentico/src/tasks/domain/value-objects/task-status.ts": {"path":"/Users/borjameana/apps/test-speckit-agentico/test-alex-original/node-starter-agentico/src/tasks/domain/value-objects/task-status.ts","statementMap":{"0":{"start":{"line":13,"column":0},"end":{"line":13,"column":16}},"1":{"start":{"line":1,"column":0},"end":{"line":1,"column":null}},"2":{"start":{"line":2,"column":4},"end":{"line":2,"column":null}},"3":{"start":{"line":3,"column":4},"end":{"line":3,"column":null}},"4":{"start":{"line":4,"column":4},"end":{"line":4,"column":null}},"5":{"start":{"line":7,"column":89},"end":{"line":11,"column":2}},"6":{"start":{"line":14,"column":4},"end":{"line":14,"column":54}}},"fnMap":{"0":{"name":"(anonymous_0)","decl":{"start":{"line":1,"column":0},"end":{"line":1,"column":12}},"loc":{"start":{"line":1,"column":22},"end":{"line":5,"column":1}}},"1":{"name":"isValidTaskStatusTransition","decl":{"start":{"line":13,"column":16},"end":{"line":13,"column":43}},"loc":{"start":{"line":13,"column":76},"end":{"line":15,"column":1}}}},"branchMap":{"0":{"loc":{"start":{"line":1,"column":12},"end":{"line":1,"column":null}},"type":"binary-expr","locations":[{"start":{"line":1,"column":12},"end":{"line":1,"column":22}},{"start":{"line":1,"column":22},"end":{"line":1,"column":null}}]}},"s":{"0":3,"1":3,"2":3,"3":3,"4":3,"5":3,"6":5},"f":{"0":3,"1":5},"b":{"0":[3,3]}}
,"/Users/borjameana/apps/test-speckit-agentico/test-alex-original/node-starter-agentico/src/tasks/infrastructure/controllers/tasks.controller.ts": {"path":"/Users/borjameana/apps/test-speckit-agentico/test-alex-original/node-starter-agentico/src/tasks/infrastructure/controllers/tasks.controller.ts","statementMap":{"0":{"start":{"line":1,"column":0},"end":{"line":1,"column":null}},"1":{"start":{"line":16,"column":0},"end":{"line":16,"column":null}},"2":{"start":{"line":25,"column":0},"end":{"line":25,"column":59}},"3":{"start":{"line":26,"column":0},"end":{"line":26,"column":59}},"4":{"start":{"line":27,"column":0},"end":{"line":27,"column":53}},"5":{"start":{"line":28,"column":0},"end":{"line":28,"column":57}},"6":{"start":{"line":29,"column":0},"end":{"line":29,"column":72}},"7":{"start":{"line":30,"column":0},"end":{"line":30,"column":108}},"8":{"start":{"line":31,"column":0},"end":{"line":31,"column":77}},"9":{"start":{"line":32,"column":0},"end":{"line":32,"column":56}},"10":{"start":{"line":33,"column":0},"end":{"line":33,"column":65}},"11":{"start":{"line":34,"column":0},"end":{"line":34,"column":60}},"12":{"start":{"line":35,"column":0},"end":{"line":35,"column":69}},"13":{"start":{"line":39,"column":7},"end":{"line":117,"column":null}},"14":{"start":{"line":41,"column":25},"end":{"line":41,"column":37}},"15":{"start":{"line":42,"column":25},"end":{"line":42,"column":36}},"16":{"start":{"line":43,"column":25},"end":{"line":43,"column":34}},"17":{"start":{"line":44,"column":25},"end":{"line":44,"column":43}},"18":{"start":{"line":45,"column":25},"end":{"line":45,"column":37}},"19":{"start":{"line":53,"column":21},"end":{"line":53,"column":52}},"20":{"start":{"line":54,"column":8},"end":{"line":54,"column":42}},"21":{"start":{"line":61,"column":22},"end":{"line":61,"column":54}},"22":{"start":{"line":62,"column":8},"end":{"line":62,"column":63}},"23":{"start":{"line":62,"column":35},"end":{"line":62,"column":61}},"24":{"start":{"line":69,"column":8},"end":{"line":75,"column":9}},"25":{"start":{"line":70,"column":25},"end":{"line":70,"column":52}},"26":{"start":{"line":71,"column":12},"end":{"line":71,"column":46}},"27":{"start":{"line":73,"column":12},"end":{"line":73,"column":42}},"28":{"start":{"line":74,"column":12},"end":{"line":74,"column":24}},"29":{"start":{"line":87,"column":8},"end":{"line":93,"column":9}},"30":{"start":{"line":88,"column":25},"end":{"line":88,"column":73}},"31":{"start":{"line":89,"column":12},"end":{"line":89,"column":46}},"32":{"start":{"line":91,"column":12},"end":{"line":91,"column":42}},"33":{"start":{"line":92,"column":12},"end":{"line":92,"column":24}},"34":{"start":{"line":101,"column":8},"end":{"line":106,"column":9}},"35":{"start":{"line":102,"column":12},"end":{"line":102,"column":43}},"36":{"start":{"line":104,"column":12},"end":{"line":104,"column":42}},"37":{"start":{"line":105,"column":12},"end":{"line":105,"column":24}},"38":{"start":{"line":110,"column":8},"end":{"line":112,"column":9}},"39":{"start":{"line":111,"column":12},"end":{"line":111,"column":55}},"40":{"start":{"line":113,"column":8},"end":{"line":115,"column":9}},"41":{"start":{"line":114,"column":12},"end":{"line":114,"column":57}},"42":{"start":{"line":39,"column":13},"end":{"line":39,"column":28}},"43":{"start":{"line":52,"column":10},"end":{"line":55,"column":null}},"44":{"start":{"line":60,"column":10},"end":{"line":63,"column":null}},"45":{"start":{"line":68,"column":10},"end":{"line":76,"column":null}},"46":{"start":{"line":83,"column":10},"end":{"line":94,"column":null}},"47":{"start":{"line":100,"column":10},"end":{"line":107,"column":null}},"48":{"start":{"line":39,"column":13},"end":{"line":117,"column":null}}},"fnMap":{"0":{"name":"(anonymous_4)","decl":{"start":{"line":40,"column":4},"end":{"line":40,"column":null}},"loc":{"start":{"line":45,"column":47},"end":{"line":46,"column":9}}},"1":{"name":"(anonymous_5)","decl":{"start":{"line":52,"column":4},"end":{"line":52,"column":9}},"loc":{"start":{"line":52,"column":43},"end":{"line":55,"column":5}}},"2":{"name":"(anonymous_6)","decl":{"start":{"line":60,"column":4},"end":{"line":60,"column":9}},"loc":{"start":{"line":60,"column":51},"end":{"line":63,"column":5}}},"3":{"name":"(anonymous_7)","decl":{"start":{"line":62,"column":25},"end":{"line":62,"column":26}},"loc":{"start":{"line":62,"column":35},"end":{"line":62,"column":61}}},"4":{"name":"(anonymous_8)","decl":{"start":{"line":68,"column":4},"end":{"line":68,"column":9}},"loc":{"start":{"line":68,"column":62},"end":{"line":76,"column":5}}},"5":{"name":"(anonymous_9)","decl":{"start":{"line":83,"column":4},"end":{"line":83,"column":9}},"loc":{"start":{"line":85,"column":40},"end":{"line":94,"column":5}}},"6":{"name":"(anonymous_10)","decl":{"start":{"line":100,"column":4},"end":{"line":100,"column":9}},"loc":{"start":{"line":100,"column":61},"end":{"line":107,"column":5}}},"7":{"name":"(anonymous_11)","decl":{"start":{"line":109,"column":12},"end":{"line":109,"column":29}},"loc":{"start":{"line":109,"column":44},"end":{"line":116,"column":5}}}},"branchMap":{"0":{"loc":{"start":{"line":110,"column":8},"end":{"line":112,"column":9}},"type":"if","locations":[{"start":{"line":110,"column":8},"end":{"line":112,"column":9}}]},"1":{"loc":{"start":{"line":113,"column":8},"end":{"line":115,"column":9}},"type":"if","locations":[{"start":{"line":113,"column":8},"end":{"line":115,"column":9}}]},"2":{"loc":{"start":{"line":52,"column":30},"end":{"line":52,"column":46}},"type":"cond-expr","locations":[{"start":{"line":52,"column":43},"end":{"line":52,"column":46}},{"start":{"line":52,"column":43},"end":{"line":52,"column":46}}]},"3":{"loc":{"start":{"line":52,"column":30},"end":{"line":52,"column":43}},"type":"binary-expr","locations":[{"start":{"line":52,"column":30},"end":{"line":52,"column":46}},{"start":{"line":52,"column":30},"end":{"line":52,"column":43}}]},"4":{"loc":{"start":{"line":52,"column":46},"end":{"line":52,"column":null}},"type":"cond-expr","locations":[{"start":{"line":52,"column":53},"end":{"line":52,"column":null}},{"start":{"line":52,"column":53},"end":{"line":52,"column":null}}]},"5":{"loc":{"start":{"line":52,"column":46},"end":{"line":52,"column":53}},"type":"binary-expr","locations":[{"start":{"line":52,"column":46},"end":{"line":52,"column":null}},{"start":{"line":52,"column":46},"end":{"line":52,"column":53}}]},"6":{"loc":{"start":{"line":60,"column":34},"end":{"line":60,"column":54}},"type":"cond-expr","locations":[{"start":{"line":60,"column":51},"end":{"line":60,"column":54}},{"start":{"line":60,"column":51},"end":{"line":60,"column":54}}]},"7":{"loc":{"start":{"line":60,"column":34},"end":{"line":60,"column":51}},"type":"binary-expr","locations":[{"start":{"line":60,"column":34},"end":{"line":60,"column":54}},{"start":{"line":60,"column":34},"end":{"line":60,"column":51}}]},"8":{"loc":{"start":{"line":60,"column":54},"end":{"line":60,"column":null}},"type":"cond-expr","locations":[{"start":{"line":60,"column":61},"end":{"line":60,"column":null}},{"start":{"line":60,"column":61},"end":{"line":60,"column":null}}]},"9":{"loc":{"start":{"line":60,"column":54},"end":{"line":60,"column":61}},"type":"binary-expr","locations":[{"start":{"line":60,"column":54},"end":{"line":60,"column":null}},{"start":{"line":60,"column":54},"end":{"line":60,"column":61}}]},"10":{"loc":{"start":{"line":68,"column":65},"end":{"line":68,"column":null}},"type":"cond-expr","locations":[{"start":{"line":68,"column":72},"end":{"line":68,"column":null}},{"start":{"line":68,"column":72},"end":{"line":68,"column":null}}]},"11":{"loc":{"start":{"line":68,"column":65},"end":{"line":68,"column":72}},"type":"binary-expr","locations":[{"start":{"line":68,"column":65},"end":{"line":68,"column":null}},{"start":{"line":68,"column":65},"end":{"line":68,"column":72}}]},"12":{"loc":{"start":{"line":85,"column":21},"end":{"line":85,"column":null}},"type":"cond-expr","locations":[{"start":{"line":85,"column":40},"end":{"line":85,"column":null}},{"start":{"line":85,"column":40},"end":{"line":85,"column":null}}]},"13":{"loc":{"start":{"line":85,"column":21},"end":{"line":85,"column":40}},"type":"binary-expr","locations":[{"start":{"line":85,"column":21},"end":{"line":85,"column":null}},{"start":{"line":85,"column":21},"end":{"line":85,"column":40}}]},"14":{"loc":{"start":{"line":86,"column":7},"end":{"line":86,"column":null}},"type":"cond-expr","locations":[{"start":{"line":86,"column":14},"end":{"line":86,"column":null}},{"start":{"line":86,"column":14},"end":{"line":86,"column":null}}]},"15":{"loc":{"start":{"line":86,"column":7},"end":{"line":86,"column":14}},"type":"binary-expr","locations":[{"start":{"line":86,"column":7},"end":{"line":86,"column":null}},{"start":{"line":86,"column":7},"end":{"line":86,"column":14}}]},"16":{"loc":{"start":{"line":100,"column":64},"end":{"line":100,"column":null}},"type":"cond-expr","locations":[{"start":{"line":100,"column":71},"end":{"line":100,"column":null}},{"start":{"line":100,"column":71},"end":{"line":100,"column":null}}]},"17":{"loc":{"start":{"line":100,"column":64},"end":{"line":100,"column":71}},"type":"binary-expr","locations":[{"start":{"line":100,"column":64},"end":{"line":100,"column":null}},{"start":{"line":100,"column":64},"end":{"line":100,"column":71}}]},"18":{"loc":{"start":{"line":41,"column":37},"end":{"line":41,"column":null}},"type":"cond-expr","locations":[{"start":{"line":41,"column":47},"end":{"line":41,"column":null}},{"start":{"line":41,"column":47},"end":{"line":41,"column":null}}]},"19":{"loc":{"start":{"line":41,"column":37},"end":{"line":41,"column":47}},"type":"binary-expr","locations":[{"start":{"line":41,"column":37},"end":{"line":41,"column":null}},{"start":{"line":41,"column":37},"end":{"line":41,"column":47}}]},"20":{"loc":{"start":{"line":41,"column":47},"end":{"line":42,"column":null}},"type":"cond-expr","locations":[{"start":{"line":42,"column":45},"end":{"line":42,"column":null}},{"start":{"line":42,"column":45},"end":{"line":42,"column":null}}]},"21":{"loc":{"start":{"line":41,"column":47},"end":{"line":42,"column":45}},"type":"binary-expr","locations":[{"start":{"line":41,"column":47},"end":{"line":42,"column":null}},{"start":{"line":42,"column":36},"end":{"line":42,"column":45}}]},"22":{"loc":{"start":{"line":42,"column":45},"end":{"line":43,"column":null}},"type":"cond-expr","locations":[{"start":{"line":43,"column":41},"end":{"line":43,"column":null}},{"start":{"line":43,"column":41},"end":{"line":43,"column":null}}]},"23":{"loc":{"start":{"line":42,"column":45},"end":{"line":43,"column":41}},"type":"binary-expr","locations":[{"start":{"line":42,"column":45},"end":{"line":43,"column":null}},{"start":{"line":43,"column":34},"end":{"line":43,"column":41}}]},"24":{"loc":{"start":{"line":43,"column":41},"end":{"line":44,"column":null}},"type":"cond-expr","locations":[{"start":{"line":44,"column":59},"end":{"line":44,"column":null}},{"start":{"line":44,"column":59},"end":{"line":44,"column":null}}]},"25":{"loc":{"start":{"line":43,"column":41},"end":{"line":44,"column":59}},"type":"binary-expr","locations":[{"start":{"line":43,"column":41},"end":{"line":44,"column":null}},{"start":{"line":44,"column":43},"end":{"line":44,"column":59}}]},"26":{"loc":{"start":{"line":44,"column":59},"end":{"line":45,"column":null}},"type":"cond-expr","locations":[{"start":{"line":45,"column":47},"end":{"line":45,"column":null}},{"start":{"line":45,"column":47},"end":{"line":45,"column":null}}]},"27":{"loc":{"start":{"line":44,"column":59},"end":{"line":45,"column":47}},"type":"binary-expr","locations":[{"start":{"line":44,"column":59},"end":{"line":45,"column":null}},{"start":{"line":45,"column":37},"end":{"line":45,"column":47}}]}},"s":{"0":1,"1":1,"2":1,"3":1,"4":1,"5":1,"6":1,"7":1,"8":1,"9":1,"10":1,"11":1,"12":1,"13":1,"14":1,"15":1,"16":1,"17":1,"18":1,"19":6,"20":6,"21":4,"22":4,"23":5,"24":2,"25":2,"26":0,"27":2,"28":0,"29":3,"30":3,"31":2,"32":1,"33":0,"34":1,"35":1,"36":0,"37":0,"38":3,"39":2,"40":1,"41":1,"42":1,"43":1,"44":1,"45":1,"46":1,"47":1,"48":1},"f":{"0":1,"1":6,"2":4,"3":5,"4":2,"5":3,"6":1,"7":3},"b":{"0":[2],"1":[1],"2":[1,0],"3":[1,1],"4":[1,0],"5":[1,1],"6":[1,0],"7":[1,1],"8":[1,0],"9":[1,1],"10":[1,0],"11":[1,1],"12":[1,0],"13":[1,1],"14":[1,0],"15":[1,1],"16":[1,0],"17":[1,1],"18":[1,0],"19":[1,1],"20":[1,0],"21":[1,1],"22":[1,0],"23":[1,1],"24":[1,0],"25":[1,1],"26":[1,0],"27":[1,1]}}
,"/Users/borjameana/apps/test-speckit-agentico/test-alex-original/node-starter-agentico/src/tasks/infrastructure/dtos/create-task.dto.ts": {"path":"/Users/borjameana/apps/test-speckit-agentico/test-alex-original/node-starter-agentico/src/tasks/infrastructure/dtos/create-task.dto.ts","statementMap":{"0":{"start":{"line":1,"column":0},"end":{"line":1,"column":67}},"1":{"start":{"line":2,"column":0},"end":{"line":2,"column":97}},"2":{"start":{"line":3,"column":0},"end":{"line":3,"column":72}},"3":{"start":{"line":5,"column":0},"end":{"line":5,"column":13}},"4":{"start":{"line":16,"column":4},"end":{"line":16,"column":null}},"5":{"start":{"line":26,"column":4},"end":{"line":26,"column":null}},"6":{"start":{"line":35,"column":4},"end":{"line":35,"column":null}}},"fnMap":{},"branchMap":{"0":{"loc":{"start":{"line":35,"column":15},"end":{"line":35,"column":28}},"type":"cond-expr","locations":[{"start":{"line":35,"column":27},"end":{"line":35,"column":28}},{"start":{"line":35,"column":27},"end":{"line":35,"column":28}}]},"1":{"loc":{"start":{"line":35,"column":15},"end":{"line":35,"column":27}},"type":"binary-expr","locations":[{"start":{"line":35,"column":15},"end":{"line":35,"column":28}},{"start":{"line":35,"column":15},"end":{"line":35,"column":27}}]}},"s":{"0":1,"1":1,"2":1,"3":1,"4":1,"5":1,"6":1},"f":{},"b":{"0":[0,1],"1":[1,1]}}
,"/Users/borjameana/apps/test-speckit-agentico/test-alex-original/node-starter-agentico/src/tasks/infrastructure/dtos/list-tasks-query.dto.ts": {"path":"/Users/borjameana/apps/test-speckit-agentico/test-alex-original/node-starter-agentico/src/tasks/infrastructure/dtos/list-tasks-query.dto.ts","statementMap":{"0":{"start":{"line":1,"column":0},"end":{"line":1,"column":54}},"1":{"start":{"line":2,"column":0},"end":{"line":2,"column":53}},"2":{"start":{"line":3,"column":0},"end":{"line":3,"column":72}},"3":{"start":{"line":4,"column":0},"end":{"line":4,"column":68}},"4":{"start":{"line":6,"column":0},"end":{"line":6,"column":13}},"5":{"start":{"line":13,"column":4},"end":{"line":13,"column":null}},"6":{"start":{"line":21,"column":4},"end":{"line":21,"column":null}}},"fnMap":{},"branchMap":{"0":{"loc":{"start":{"line":13,"column":13},"end":{"line":13,"column":24}},"type":"cond-expr","locations":[{"start":{"line":13,"column":23},"end":{"line":13,"column":24}},{"start":{"line":13,"column":23},"end":{"line":13,"column":24}}]},"1":{"loc":{"start":{"line":13,"column":13},"end":{"line":13,"column":23}},"type":"binary-expr","locations":[{"start":{"line":13,"column":13},"end":{"line":13,"column":24}},{"start":{"line":13,"column":13},"end":{"line":13,"column":23}}]},"2":{"loc":{"start":{"line":21,"column":15},"end":{"line":21,"column":28}},"type":"cond-expr","locations":[{"start":{"line":21,"column":27},"end":{"line":21,"column":28}},{"start":{"line":21,"column":27},"end":{"line":21,"column":28}}]},"3":{"loc":{"start":{"line":21,"column":15},"end":{"line":21,"column":27}},"type":"binary-expr","locations":[{"start":{"line":21,"column":15},"end":{"line":21,"column":28}},{"start":{"line":21,"column":15},"end":{"line":21,"column":27}}]}},"s":{"0":1,"1":1,"2":1,"3":1,"4":1,"5":1,"6":1},"f":{},"b":{"0":[0,1],"1":[1,1],"2":[0,1],"3":[1,1]}}
,"/Users/borjameana/apps/test-speckit-agentico/test-alex-original/node-starter-agentico/src/tasks/infrastructure/dtos/task-response.dto.ts": {"path":"/Users/borjameana/apps/test-speckit-agentico/test-alex-original/node-starter-agentico/src/tasks/infrastructure/dtos/task-response.dto.ts","statementMap":{"0":{"start":{"line":1,"column":0},"end":{"line":1,"column":67}},"1":{"start":{"line":3,"column":0},"end":{"line":3,"column":72}},"2":{"start":{"line":4,"column":0},"end":{"line":4,"column":68}},"3":{"start":{"line":51,"column":8},"end":{"line":59,"column":10}},"4":{"start":{"line":6,"column":0},"end":{"line":6,"column":13}},"5":{"start":{"line":11,"column":4},"end":{"line":11,"column":null}},"6":{"start":{"line":16,"column":4},"end":{"line":16,"column":null}},"7":{"start":{"line":22,"column":4},"end":{"line":22,"column":null}},"8":{"start":{"line":28,"column":4},"end":{"line":28,"column":null}},"9":{"start":{"line":34,"column":4},"end":{"line":34,"column":null}},"10":{"start":{"line":41,"column":4},"end":{"line":41,"column":null}},"11":{"start":{"line":48,"column":4},"end":{"line":48,"column":null}}},"fnMap":{"0":{"name":"(anonymous_2)","decl":{"start":{"line":50,"column":4},"end":{"line":50,"column":10}},"loc":{"start":{"line":50,"column":32},"end":{"line":60,"column":5}}}},"branchMap":{"0":{"loc":{"start":{"line":28,"column":15},"end":{"line":28,"column":28}},"type":"cond-expr","locations":[{"start":{"line":28,"column":27},"end":{"line":28,"column":28}},{"start":{"line":28,"column":27},"end":{"line":28,"column":28}}]},"1":{"loc":{"start":{"line":28,"column":15},"end":{"line":28,"column":27}},"type":"binary-expr","locations":[{"start":{"line":28,"column":15},"end":{"line":28,"column":28}},{"start":{"line":28,"column":15},"end":{"line":28,"column":27}}]},"2":{"loc":{"start":{"line":34,"column":13},"end":{"line":34,"column":24}},"type":"cond-expr","locations":[{"start":{"line":34,"column":23},"end":{"line":34,"column":24}},{"start":{"line":34,"column":23},"end":{"line":34,"column":24}}]},"3":{"loc":{"start":{"line":34,"column":13},"end":{"line":34,"column":23}},"type":"binary-expr","locations":[{"start":{"line":34,"column":13},"end":{"line":34,"column":24}},{"start":{"line":34,"column":13},"end":{"line":34,"column":23}}]},"4":{"loc":{"start":{"line":41,"column":16},"end":{"line":41,"column":21}},"type":"cond-expr","locations":[{"start":{"line":41,"column":20},"end":{"line":41,"column":21}},{"start":{"line":41,"column":20},"end":{"line":41,"column":21}}]},"5":{"loc":{"start":{"line":41,"column":16},"end":{"line":41,"column":20}},"type":"binary-expr","locations":[{"start":{"line":41,"column":16},"end":{"line":41,"column":21}},{"start":{"line":41,"column":16},"end":{"line":41,"column":20}}]},"6":{"loc":{"start":{"line":48,"column":16},"end":{"line":48,"column":21}},"type":"cond-expr","locations":[{"start":{"line":48,"column":20},"end":{"line":48,"column":21}},{"start":{"line":48,"column":20},"end":{"line":48,"column":21}}]},"7":{"loc":{"start":{"line":48,"column":16},"end":{"line":48,"column":20}},"type":"binary-expr","locations":[{"start":{"line":48,"column":16},"end":{"line":48,"column":21}},{"start":{"line":48,"column":16},"end":{"line":48,"column":20}}]}},"s":{"0":1,"1":1,"2":1,"3":13,"4":1,"5":1,"6":1,"7":1,"8":1,"9":1,"10":1,"11":1},"f":{"0":13},"b":{"0":[0,1],"1":[1,1],"2":[0,1],"3":[1,1],"4":[1,0],"5":[1,1],"6":[1,0],"7":[1,1]}}
,"/Users/borjameana/apps/test-speckit-agentico/test-alex-original/node-starter-agentico/src/tasks/infrastructure/dtos/update-task-status.dto.ts": {"path":"/Users/borjameana/apps/test-speckit-agentico/test-alex-original/node-starter-agentico/src/tasks/infrastructure/dtos/update-task-status.dto.ts","statementMap":{"0":{"start":{"line":1,"column":0},"end":{"line":1,"column":46}},"1":{"start":{"line":2,"column":0},"end":{"line":2,"column":41}},"2":{"start":{"line":3,"column":0},"end":{"line":3,"column":68}},"3":{"start":{"line":5,"column":0},"end":{"line":5,"column":13}},"4":{"start":{"line":11,"column":4},"end":{"line":11,"column":null}}},"fnMap":{},"branchMap":{"0":{"loc":{"start":{"line":11,"column":13},"end":{"line":11,"column":24}},"type":"cond-expr","locations":[{"start":{"line":11,"column":23},"end":{"line":11,"column":24}},{"start":{"line":11,"column":23},"end":{"line":11,"column":24}}]},"1":{"loc":{"start":{"line":11,"column":13},"end":{"line":11,"column":23}},"type":"binary-expr","locations":[{"start":{"line":11,"column":13},"end":{"line":11,"column":24}},{"start":{"line":11,"column":13},"end":{"line":11,"column":23}}]}},"s":{"0":1,"1":1,"2":1,"3":1,"4":1},"f":{},"b":{"0":[0,1],"1":[1,1]}}
,"/Users/borjameana/apps/test-speckit-agentico/test-alex-original/node-starter-agentico/src/tasks/infrastructure/repositories/task.orm-entity.ts": {"path":"/Users/borjameana/apps/test-speckit-agentico/test-alex-original/node-starter-agentico/src/tasks/infrastructure/repositories/task.orm-entity.ts","statementMap":{"0":{"start":{"line":1,"column":0},"end":{"line":1,"column":null}},"1":{"start":{"line":10,"column":0},"end":{"line":10,"column":63}},"2":{"start":{"line":11,"column":0},"end":{"line":11,"column":72}},"3":{"start":{"line":12,"column":0},"end":{"line":12,"column":68}},"4":{"start":{"line":17,"column":26},"end":{"line":75,"column":null}},"5":{"start":{"line":51,"column":8},"end":{"line":60,"column":11}},"6":{"start":{"line":64,"column":23},"end":{"line":64,"column":42}},"7":{"start":{"line":65,"column":8},"end":{"line":65,"column":28}},"8":{"start":{"line":66,"column":8},"end":{"line":66,"column":34}},"9":{"start":{"line":67,"column":8},"end":{"line":67,"column":46}},"10":{"start":{"line":68,"column":8},"end":{"line":68,"column":40}},"11":{"start":{"line":69,"column":8},"end":{"line":69,"column":36}},"12":{"start":{"line":70,"column":8},"end":{"line":70,"column":42}},"13":{"start":{"line":71,"column":8},"end":{"line":71,"column":42}},"14":{"start":{"line":72,"column":8},"end":{"line":72,"column":42}},"15":{"start":{"line":73,"column":8},"end":{"line":73,"column":22}},"16":{"start":{"line":17,"column":13},"end":{"line":17,"column":26}},"17":{"start":{"line":19,"column":4},"end":{"line":19,"column":null}},"18":{"start":{"line":22,"column":4},"end":{"line":22,"column":null}},"19":{"start":{"line":25,"column":4},"end":{"line":25,"column":null}},"20":{"start":{"line":32,"column":4},"end":{"line":32,"column":null}},"21":{"start":{"line":39,"column":4},"end":{"line":39,"column":null}},"22":{"start":{"line":42,"column":4},"end":{"line":42,"column":null}},"23":{"start":{"line":45,"column":4},"end":{"line":45,"column":null}},"24":{"start":{"line":48,"column":4},"end":{"line":48,"column":null}},"25":{"start":{"line":17,"column":13},"end":{"line":75,"column":null}}},"fnMap":{"0":{"name":"(anonymous_2)","decl":{"start":{"line":50,"column":4},"end":{"line":50,"column":12}},"loc":{"start":{"line":50,"column":12},"end":{"line":61,"column":5}}},"1":{"name":"(anonymous_3)","decl":{"start":{"line":63,"column":4},"end":{"line":63,"column":10}},"loc":{"start":{"line":63,"column":38},"end":{"line":74,"column":5}}}},"branchMap":{"0":{"loc":{"start":{"line":32,"column":15},"end":{"line":32,"column":28}},"type":"cond-expr","locations":[{"start":{"line":32,"column":27},"end":{"line":32,"column":28}},{"start":{"line":32,"column":27},"end":{"line":32,"column":28}}]},"1":{"loc":{"start":{"line":32,"column":15},"end":{"line":32,"column":27}},"type":"binary-expr","locations":[{"start":{"line":32,"column":15},"end":{"line":32,"column":28}},{"start":{"line":32,"column":15},"end":{"line":32,"column":27}}]},"2":{"loc":{"start":{"line":39,"column":13},"end":{"line":39,"column":24}},"type":"cond-expr","locations":[{"start":{"line":39,"column":23},"end":{"line":39,"column":24}},{"start":{"line":39,"column":23},"end":{"line":39,"column":24}}]},"3":{"loc":{"start":{"line":39,"column":13},"end":{"line":39,"column":23}},"type":"binary-expr","locations":[{"start":{"line":39,"column":13},"end":{"line":39,"column":24}},{"start":{"line":39,"column":13},"end":{"line":39,"column":23}}]},"4":{"loc":{"start":{"line":42,"column":16},"end":{"line":42,"column":21}},"type":"cond-expr","locations":[{"start":{"line":42,"column":20},"end":{"line":42,"column":21}},{"start":{"line":42,"column":20},"end":{"line":42,"column":21}}]},"5":{"loc":{"start":{"line":42,"column":16},"end":{"line":42,"column":20}},"type":"binary-expr","locations":[{"start":{"line":42,"column":16},"end":{"line":42,"column":21}},{"start":{"line":42,"column":16},"end":{"line":42,"column":20}}]},"6":{"loc":{"start":{"line":45,"column":16},"end":{"line":45,"column":21}},"type":"cond-expr","locations":[{"start":{"line":45,"column":20},"end":{"line":45,"column":21}},{"start":{"line":45,"column":20},"end":{"line":45,"column":21}}]},"7":{"loc":{"start":{"line":45,"column":16},"end":{"line":45,"column":20}},"type":"binary-expr","locations":[{"start":{"line":45,"column":16},"end":{"line":45,"column":21}},{"start":{"line":45,"column":16},"end":{"line":45,"column":20}}]}},"s":{"0":1,"1":1,"2":1,"3":1,"4":1,"5":16,"6":0,"7":0,"8":0,"9":0,"10":0,"11":0,"12":0,"13":0,"14":0,"15":0,"16":1,"17":1,"18":1,"19":1,"20":1,"21":1,"22":1,"23":1,"24":1,"25":1},"f":{"0":16,"1":0},"b":{"0":[0,1],"1":[1,1],"2":[0,1],"3":[1,1],"4":[1,0],"5":[1,1],"6":[1,0],"7":[1,1]}}
,"/Users/borjameana/apps/test-speckit-agentico/test-alex-original/node-starter-agentico/src/tasks/infrastructure/repositories/typeorm-tasks.repository.ts": {"path":"/Users/borjameana/apps/test-speckit-agentico/test-alex-original/node-starter-agentico/src/tasks/infrastructure/repositories/typeorm-tasks.repository.ts","statementMap":{"0":{"start":{"line":1,"column":0},"end":{"line":1,"column":44}},"1":{"start":{"line":2,"column":0},"end":{"line":2,"column":51}},"2":{"start":{"line":3,"column":0},"end":{"line":3,"column":45}},"3":{"start":{"line":10,"column":0},"end":{"line":10,"column":72}},"4":{"start":{"line":11,"column":0},"end":{"line":11,"column":68}},"5":{"start":{"line":12,"column":0},"end":{"line":12,"column":50}},"6":{"start":{"line":15,"column":7},"end":{"line":89,"column":null}},"7":{"start":{"line":18,"column":25},"end":{"line":18,"column":37}},"8":{"start":{"line":22,"column":23},"end":{"line":27,"column":10}},"9":{"start":{"line":29,"column":22},"end":{"line":29,"column":56}},"10":{"start":{"line":30,"column":8},"end":{"line":30,"column":32}},"11":{"start":{"line":34,"column":22},"end":{"line":41,"column":10}},"12":{"start":{"line":43,"column":8},"end":{"line":43,"column":52}},"13":{"start":{"line":43,"column":35},"end":{"line":43,"column":50}},"14":{"start":{"line":47,"column":21},"end":{"line":52,"column":10}},"15":{"start":{"line":54,"column":8},"end":{"line":54,"column":45}},"16":{"start":{"line":58,"column":21},"end":{"line":63,"column":10}},"17":{"start":{"line":65,"column":8},"end":{"line":67,"column":9}},"18":{"start":{"line":66,"column":12},"end":{"line":66,"column":24}},"19":{"start":{"line":69,"column":8},"end":{"line":69,"column":29}},"20":{"start":{"line":70,"column":24},"end":{"line":70,"column":56}},"21":{"start":{"line":71,"column":8},"end":{"line":71,"column":34}},"22":{"start":{"line":75,"column":21},"end":{"line":80,"column":10}},"23":{"start":{"line":82,"column":8},"end":{"line":84,"column":9}},"24":{"start":{"line":83,"column":12},"end":{"line":83,"column":25}},"25":{"start":{"line":86,"column":8},"end":{"line":86,"column":49}},"26":{"start":{"line":87,"column":8},"end":{"line":87,"column":20}},"27":{"start":{"line":15,"column":13},"end":{"line":15,"column":35}},"28":{"start":{"line":15,"column":13},"end":{"line":89,"column":null}}},"fnMap":{"0":{"name":"(anonymous_4)","decl":{"start":{"line":16,"column":4},"end":{"line":16,"column":null}},"loc":{"start":{"line":18,"column":62},"end":{"line":19,"column":9}}},"1":{"name":"(anonymous_5)","decl":{"start":{"line":21,"column":4},"end":{"line":21,"column":9}},"loc":{"start":{"line":21,"column":39},"end":{"line":31,"column":5}}},"2":{"name":"(anonymous_6)","decl":{"start":{"line":33,"column":4},"end":{"line":33,"column":9}},"loc":{"start":{"line":33,"column":43},"end":{"line":44,"column":5}}},"3":{"name":"(anonymous_7)","decl":{"start":{"line":43,"column":25},"end":{"line":43,"column":26}},"loc":{"start":{"line":43,"column":35},"end":{"line":43,"column":50}}},"4":{"name":"(anonymous_8)","decl":{"start":{"line":46,"column":4},"end":{"line":46,"column":9}},"loc":{"start":{"line":46,"column":29},"end":{"line":55,"column":5}}},"5":{"name":"(anonymous_9)","decl":{"start":{"line":57,"column":4},"end":{"line":57,"column":9}},"loc":{"start":{"line":57,"column":53},"end":{"line":72,"column":5}}},"6":{"name":"(anonymous_10)","decl":{"start":{"line":74,"column":4},"end":{"line":74,"column":9}},"loc":{"start":{"line":74,"column":31},"end":{"line":88,"column":5}}}},"branchMap":{"0":{"loc":{"start":{"line":24,"column":25},"end":{"line":24,"column":50}},"type":"binary-expr","locations":[{"start":{"line":24,"column":25},"end":{"line":24,"column":42}},{"start":{"line":24,"column":46},"end":{"line":24,"column":50}}]},"1":{"loc":{"start":{"line":25,"column":22},"end":{"line":25,"column":59}},"type":"binary-expr","locations":[{"start":{"line":25,"column":22},"end":{"line":25,"column":36}},{"start":{"line":25,"column":40},"end":{"line":25,"column":59}}]},"2":{"loc":{"start":{"line":37,"column":20},"end":{"line":37,"column":68}},"type":"cond-expr","locations":[{"start":{"line":37,"column":37},"end":{"line":37,"column":63}},{"start":{"line":37,"column":66},"end":{"line":37,"column":68}}]},"3":{"loc":{"start":{"line":38,"column":20},"end":{"line":38,"column":74}},"type":"cond-expr","locations":[{"start":{"line":38,"column":39},"end":{"line":38,"column":69}},{"start":{"line":38,"column":72},"end":{"line":38,"column":74}}]},"4":{"loc":{"start":{"line":54,"column":15},"end":{"line":54,"column":44}},"type":"cond-expr","locations":[{"start":{"line":54,"column":22},"end":{"line":54,"column":37}},{"start":{"line":54,"column":40},"end":{"line":54,"column":44}}]},"5":{"loc":{"start":{"line":65,"column":8},"end":{"line":67,"column":9}},"type":"if","locations":[{"start":{"line":65,"column":8},"end":{"line":67,"column":9}}]},"6":{"loc":{"start":{"line":82,"column":8},"end":{"line":84,"column":9}},"type":"if","locations":[{"start":{"line":82,"column":8},"end":{"line":84,"column":9}}]},"7":{"loc":{"start":{"line":18,"column":37},"end":{"line":18,"column":62}},"type":"cond-expr","locations":[{"start":{"line":18,"column":47},"end":{"line":18,"column":62}},{"start":{"line":18,"column":47},"end":{"line":18,"column":62}}]},"8":{"loc":{"start":{"line":18,"column":37},"end":{"line":18,"column":47}},"type":"binary-expr","locations":[{"start":{"line":18,"column":37},"end":{"line":18,"column":62}},{"start":{"line":18,"column":37},"end":{"line":18,"column":47}}]}},"s":{"0":1,"1":1,"2":1,"3":1,"4":1,"5":1,"6":1,"7":1,"8":6,"9":6,"10":6,"11":4,"12":4,"13":5,"14":5,"15":5,"16":2,"17":2,"18":0,"19":2,"20":2,"21":2,"22":1,"23":1,"24":0,"25":1,"26":1,"27":1,"28":1},"f":{"0":1,"1":6,"2":4,"3":5,"4":5,"5":2,"6":1},"b":{"0":[6,5],"1":[6,0],"2":[2,2],"3":[2,2],"4":[3,2],"5":[0],"6":[0],"7":[1,0],"8":[1,1]}}
}
