TN:
SF:src/tasks/tasks.module.ts
FNF:0
FNH:0
DA:1,1
DA:2,1
DA:3,1
DA:4,1
DA:5,1
DA:6,1
DA:7,1
DA:8,1
DA:9,1
DA:10,1
DA:11,1
DA:29,1
LF:12
LH:12
BRF:0
BRH:0
end_of_record
TN:
SF:src/tasks/application/create-task.ts
FN:10,(anonymous_4)
FN:15,(anonymous_5)
FNF:2
FNH:2
FNDA:2,(anonymous_4)
FNDA:7,(anonymous_5)
DA:1,2
DA:3,2
DA:4,2
DA:7,2
DA:8,2
DA:12,2
DA:16,7
DA:21,7
DA:26,7
LF:9
LH:9
BRDA:18,0,0,7
BRDA:18,0,1,4
BRDA:12,1,0,0
BRDA:12,1,1,2
BRDA:12,2,0,2
BRDA:12,2,1,0
BRF:6
BRH:4
end_of_record
TN:
SF:src/tasks/application/delete-task.ts
FN:9,(anonymous_4)
FN:14,(anonymous_5)
FNF:2
FNH:2
FNDA:3,(anonymous_4)
FNDA:3,(anonymous_5)
DA:1,2
DA:2,2
DA:3,2
DA:6,2
DA:7,3
DA:11,3
DA:15,3
DA:16,3
DA:17,1
DA:18,1
LF:10
LH:10
BRDA:16,0,0,1
BRDA:11,1,0,0
BRDA:11,1,1,2
BRDA:11,2,0,2
BRDA:11,2,1,0
BRF:5
BRH:3
end_of_record
TN:
SF:src/tasks/application/get-task.ts
FN:10,(anonymous_4)
FN:15,(anonymous_5)
FNF:2
FNH:2
FNDA:1,(anonymous_4)
FNDA:2,(anonymous_5)
DA:1,1
DA:3,1
DA:4,1
DA:7,1
DA:8,1
DA:12,1
DA:16,2
DA:17,2
DA:18,2
DA:19,2
DA:21,0
LF:11
LH:10
BRDA:17,0,0,2
BRDA:12,1,0,0
BRDA:12,1,1,1
BRDA:12,2,0,1
BRDA:12,2,1,0
BRF:5
BRH:3
end_of_record
TN:
SF:src/tasks/application/list-tasks.ts
FN:9,(anonymous_4)
FN:14,(anonymous_5)
FNF:2
FNH:2
FNDA:1,(anonymous_4)
FNDA:4,(anonymous_5)
DA:1,1
DA:3,1
DA:6,1
DA:7,1
DA:11,1
DA:15,4
DA:16,4
LF:7
LH:7
BRDA:11,0,0,0
BRDA:11,0,1,1
BRDA:11,1,0,1
BRDA:11,1,1,0
BRF:4
BRH:2
end_of_record
TN:
SF:src/tasks/application/tasks.repository.ts
FNF:0
FNH:0
DA:5,4
LF:1
LH:1
BRF:0
BRH:0
end_of_record
TN:
SF:src/tasks/application/update-task-status.ts
FN:12,(anonymous_4)
FN:17,(anonymous_5)
FNF:2
FNH:2
FNDA:3,(anonymous_4)
FNDA:5,(anonymous_5)
DA:1,2
DA:3,2
DA:4,2
DA:5,2
DA:6,2
DA:9,2
DA:10,3
DA:14,3
DA:18,5
DA:19,5
DA:20,0
DA:21,0
DA:24,5
DA:25,2
DA:30,2
DA:33,3
DA:34,3
DA:35,0
DA:36,0
DA:39,3
LF:20
LH:16
BRDA:19,0,0,0
BRDA:24,1,0,2
BRDA:34,2,0,0
BRDA:14,3,0,0
BRDA:14,3,1,2
BRDA:14,4,0,2
BRDA:14,4,1,0
BRF:7
BRH:3
end_of_record
TN:
SF:src/tasks/domain/entities/task.entity.ts
FN:25,(anonymous_0)
FNF:1
FNH:1
FNDA:20,(anonymous_0)
DA:15,3
DA:26,20
DA:27,20
DA:28,20
DA:29,20
DA:30,20
DA:31,20
DA:32,20
DA:33,20
LF:9
LH:9
BRF:0
BRH:0
end_of_record
TN:
SF:src/tasks/domain/errors/invalid-task-status-transition.error.ts
FN:6,(anonymous_0)
FNF:1
FNH:1
FNDA:2,(anonymous_0)
DA:3,2
DA:4,2
DA:7,2
LF:3
LH:3
BRF:0
BRH:0
end_of_record
TN:
SF:src/tasks/domain/errors/task-not-found.error.ts
FN:4,(anonymous_0)
FNF:1
FNH:1
FNDA:3,(anonymous_0)
DA:1,3
DA:2,3
DA:5,3
LF:3
LH:3
BRF:0
BRH:0
end_of_record
TN:
SF:src/tasks/domain/value-objects/task-priority.ts
FN:1,(anonymous_0)
FNF:1
FNH:1
FNDA:3,(anonymous_0)
DA:1,3
DA:2,3
DA:3,3
DA:4,3
LF:4
LH:4
BRDA:1,0,0,3
BRDA:1,0,1,3
BRF:2
BRH:2
end_of_record
TN:
SF:src/tasks/domain/value-objects/task-status.ts
FN:1,(anonymous_0)
FN:13,isValidTaskStatusTransition
FNF:2
FNH:2
FNDA:3,(anonymous_0)
FNDA:5,isValidTaskStatusTransition
DA:1,3
DA:2,3
DA:3,3
DA:4,3
DA:7,3
DA:13,3
DA:14,5
LF:7
LH:7
BRDA:1,0,0,3
BRDA:1,0,1,3
BRF:2
BRH:2
end_of_record
TN:
SF:src/tasks/infrastructure/controllers/tasks.controller.ts
FN:40,(anonymous_4)
FN:52,(anonymous_5)
FN:60,(anonymous_6)
FN:62,(anonymous_7)
FN:68,(anonymous_8)
FN:83,(anonymous_9)
FN:100,(anonymous_10)
FN:109,(anonymous_11)
FNF:8
FNH:8
FNDA:1,(anonymous_4)
FNDA:6,(anonymous_5)
FNDA:4,(anonymous_6)
FNDA:5,(anonymous_7)
FNDA:2,(anonymous_8)
FNDA:3,(anonymous_9)
FNDA:1,(anonymous_10)
FNDA:3,(anonymous_11)
DA:1,1
DA:16,1
DA:25,1
DA:26,1
DA:27,1
DA:28,1
DA:29,1
DA:30,1
DA:31,1
DA:32,1
DA:33,1
DA:34,1
DA:35,1
DA:39,1
DA:41,1
DA:42,1
DA:43,1
DA:44,1
DA:45,1
DA:52,1
DA:53,6
DA:54,6
DA:60,1
DA:61,4
DA:62,5
DA:68,1
DA:69,2
DA:70,2
DA:71,0
DA:73,2
DA:74,0
DA:83,1
DA:87,3
DA:88,3
DA:89,2
DA:91,1
DA:92,0
DA:100,1
DA:101,1
DA:102,1
DA:104,0
DA:105,0
DA:110,3
DA:111,2
DA:113,1
DA:114,1
LF:46
LH:41
BRDA:110,0,0,2
BRDA:113,1,0,1
BRDA:52,2,0,1
BRDA:52,2,1,0
BRDA:52,3,0,1
BRDA:52,3,1,1
BRDA:52,4,0,1
BRDA:52,4,1,0
BRDA:52,5,0,1
BRDA:52,5,1,1
BRDA:60,6,0,1
BRDA:60,6,1,0
BRDA:60,7,0,1
BRDA:60,7,1,1
BRDA:60,8,0,1
BRDA:60,8,1,0
BRDA:60,9,0,1
BRDA:60,9,1,1
BRDA:68,10,0,1
BRDA:68,10,1,0
BRDA:68,11,0,1
BRDA:68,11,1,1
BRDA:85,12,0,1
BRDA:85,12,1,0
BRDA:85,13,0,1
BRDA:85,13,1,1
BRDA:86,14,0,1
BRDA:86,14,1,0
BRDA:86,15,0,1
BRDA:86,15,1,1
BRDA:100,16,0,1
BRDA:100,16,1,0
BRDA:100,17,0,1
BRDA:100,17,1,1
BRDA:41,18,0,1
BRDA:41,18,1,0
BRDA:41,19,0,1
BRDA:41,19,1,1
BRDA:41,20,0,1
BRDA:41,20,1,0
BRDA:41,21,0,1
BRDA:41,21,1,1
BRDA:42,22,0,1
BRDA:42,22,1,0
BRDA:42,23,0,1
BRDA:42,23,1,1
BRDA:43,24,0,1
BRDA:43,24,1,0
BRDA:43,25,0,1
BRDA:43,25,1,1
BRDA:44,26,0,1
BRDA:44,26,1,0
BRDA:44,27,0,1
BRDA:44,27,1,1
BRF:54
BRH:41
end_of_record
TN:
SF:src/tasks/infrastructure/dtos/create-task.dto.ts
FNF:0
FNH:0
DA:1,1
DA:2,1
DA:3,1
DA:5,1
DA:16,1
DA:26,1
DA:35,1
LF:7
LH:7
BRDA:35,0,0,0
BRDA:35,0,1,1
BRDA:35,1,0,1
BRDA:35,1,1,1
BRF:4
BRH:3
end_of_record
TN:
SF:src/tasks/infrastructure/dtos/list-tasks-query.dto.ts
FNF:0
FNH:0
DA:1,1
DA:2,1
DA:3,1
DA:4,1
DA:6,1
DA:13,1
DA:21,1
LF:7
LH:7
BRDA:13,0,0,0
BRDA:13,0,1,1
BRDA:13,1,0,1
BRDA:13,1,1,1
BRDA:21,2,0,0
BRDA:21,2,1,1
BRDA:21,3,0,1
BRDA:21,3,1,1
BRF:8
BRH:6
end_of_record
TN:
SF:src/tasks/infrastructure/dtos/task-response.dto.ts
FN:50,(anonymous_2)
FNF:1
FNH:1
FNDA:13,(anonymous_2)
DA:1,1
DA:3,1
DA:4,1
DA:6,1
DA:11,1
DA:16,1
DA:22,1
DA:28,1
DA:34,1
DA:41,1
DA:48,1
DA:51,13
LF:12
LH:12
BRDA:28,0,0,0
BRDA:28,0,1,1
BRDA:28,1,0,1
BRDA:28,1,1,1
BRDA:34,2,0,0
BRDA:34,2,1,1
BRDA:34,3,0,1
BRDA:34,3,1,1
BRDA:41,4,0,1
BRDA:41,4,1,0
BRDA:41,5,0,1
BRDA:41,5,1,1
BRDA:48,6,0,1
BRDA:48,6,1,0
BRDA:48,7,0,1
BRDA:48,7,1,1
BRF:16
BRH:12
end_of_record
TN:
SF:src/tasks/infrastructure/dtos/update-task-status.dto.ts
FNF:0
FNH:0
DA:1,1
DA:2,1
DA:3,1
DA:5,1
DA:11,1
LF:5
LH:5
BRDA:11,0,0,0
BRDA:11,0,1,1
BRDA:11,1,0,1
BRDA:11,1,1,1
BRF:4
BRH:3
end_of_record
TN:
SF:src/tasks/infrastructure/repositories/task.orm-entity.ts
FN:50,(anonymous_2)
FN:63,(anonymous_3)
FNF:2
FNH:1
FNDA:16,(anonymous_2)
FNDA:0,(anonymous_3)
DA:1,1
DA:10,1
DA:11,1
DA:12,1
DA:17,1
DA:19,1
DA:22,1
DA:25,1
DA:32,1
DA:39,1
DA:42,1
DA:45,1
DA:48,1
DA:51,16
DA:64,0
DA:65,0
DA:66,0
DA:67,0
DA:68,0
DA:69,0
DA:70,0
DA:71,0
DA:72,0
DA:73,0
LF:24
LH:14
BRDA:32,0,0,0
BRDA:32,0,1,1
BRDA:32,1,0,1
BRDA:32,1,1,1
BRDA:39,2,0,0
BRDA:39,2,1,1
BRDA:39,3,0,1
BRDA:39,3,1,1
BRDA:42,4,0,1
BRDA:42,4,1,0
BRDA:42,5,0,1
BRDA:42,5,1,1
BRDA:45,6,0,1
BRDA:45,6,1,0
BRDA:45,7,0,1
BRDA:45,7,1,1
BRF:16
BRH:12
end_of_record
TN:
SF:src/tasks/infrastructure/repositories/typeorm-tasks.repository.ts
FN:16,(anonymous_4)
FN:21,(anonymous_5)
FN:33,(anonymous_6)
FN:43,(anonymous_7)
FN:46,(anonymous_8)
FN:57,(anonymous_9)
FN:74,(anonymous_10)
FNF:7
FNH:7
FNDA:1,(anonymous_4)
FNDA:6,(anonymous_5)
FNDA:4,(anonymous_6)
FNDA:5,(anonymous_7)
FNDA:5,(anonymous_8)
FNDA:2,(anonymous_9)
FNDA:1,(anonymous_10)
DA:1,1
DA:2,1
DA:3,1
DA:10,1
DA:11,1
DA:12,1
DA:15,1
DA:18,1
DA:22,6
DA:29,6
DA:30,6
DA:34,4
DA:43,5
DA:47,5
DA:54,5
DA:58,2
DA:65,2
DA:66,0
DA:69,2
DA:70,2
DA:71,2
DA:75,1
DA:82,1
DA:83,0
DA:86,1
DA:87,1
LF:26
LH:24
BRDA:24,0,0,6
BRDA:24,0,1,5
BRDA:25,1,0,6
BRDA:25,1,1,0
BRDA:37,2,0,2
BRDA:37,2,1,2
BRDA:38,3,0,2
BRDA:38,3,1,2
BRDA:54,4,0,3
BRDA:54,4,1,2
BRDA:65,5,0,0
BRDA:82,6,0,0
BRDA:18,7,0,1
BRDA:18,7,1,0
BRDA:18,8,0,1
BRDA:18,8,1,1
BRF:16
BRH:12
end_of_record
